# JRE version: OpenJDK Runtime Environment (17.0.11) (build 17.0.11+0--11852314)
# Java VM: OpenJDK 64-Bit Server VM (17.0.11+0--11852314, mixed mode, tiered, compressed oops, compressed class ptrs, g1 gc, windows-amd64)
GC Precious Log:
 CPUs: 12 total, 12 available
 Memory: 7528M
 Large Page Support: Disabled
 NUMA Support: Disabled
 Compressed Oops: Enabled (32-bit)
 Heap Region Size: 1M
 Heap Min Capacity: 8M
 Heap Initial Capacity: 118M
 Heap Max Capacity: 2G
 Pre-touch: Disabled
 Parallel Workers: 10
 Concurrent Workers: 3
 Concurrent Refinement Workers: 10
 Periodic GC: Disabled
Heap:
 garbage-first heap   total 100352K, used 88007K [0x0000000080000000, 0x0000000100000000)
  region size 1024K, 28 young (28672K), 1 survivors (1024K)
 Metaspace       used 62753K, committed 63296K, reserved 1114112K
  class space    used 8546K, committed 8768K, reserved 1048576K
GC Heap History (20 events):
Event: 4.477 GC heap before
{Heap before GC invocations=9 (full 0):
 garbage-first heap   total 68608K, used 51580K [0x0000000080000000, 0x0000000100000000)
  region size 1024K, 29 young (29696K), 2 survivors (2048K)
 Metaspace       used 41285K, committed 41664K, reserved 1114112K
  class space    used 5474K, committed 5632K, reserved 1048576K
}
Event: 4.482 GC heap after
{Heap after GC invocations=10 (full 0):
 garbage-first heap   total 82944K, used 28312K [0x0000000080000000, 0x0000000100000000)
  region size 1024K, 4 young (4096K), 4 survivors (4096K)
 Metaspace       used 41285K, committed 41664K, reserved 1114112K
  class space    used 5474K, committed 5632K, reserved 1048576K
}
Event: 4.768 GC heap before
{Heap before GC invocations=10 (full 0):
 garbage-first heap   total 82944K, used 63128K [0x0000000080000000, 0x0000000100000000)
  region size 1024K, 38 young (38912K), 4 survivors (4096K)
 Metaspace       used 42922K, committed 43328K, reserved 1114112K
  class space    used 5723K, committed 5888K, reserved 1048576K
}
Event: 4.774 GC heap after
{Heap after GC invocations=11 (full 0):
 garbage-first heap   total 82944K, used 30643K [0x0000000080000000, 0x0000000100000000)
  region size 1024K, 5 young (5120K), 5 survivors (5120K)
 Metaspace       used 42922K, committed 43328K, reserved 1114112K
  class space    used 5723K, committed 5888K, reserved 1048576K
}
Event: 5.318 GC heap before
{Heap before GC invocations=11 (full 0):
 garbage-first heap   total 82944K, used 63411K [0x0000000080000000, 0x0000000100000000)
  region size 1024K, 37 young (37888K), 5 survivors (5120K)
 Metaspace       used 46946K, committed 47424K, reserved 1114112K
  class space    used 6394K, committed 6592K, reserved 1048576K
}
Event: 5.324 GC heap after
{Heap after GC invocations=12 (full 0):
 garbage-first heap   total 82944K, used 33462K [0x0000000080000000, 0x0000000100000000)
  region size 1024K, 5 young (5120K), 5 survivors (5120K)
 Metaspace       used 46946K, committed 47424K, reserved 1114112K
  class space    used 6394K, committed 6592K, reserved 1048576K
}
Event: 5.848 GC heap before
{Heap before GC invocations=12 (full 0):
 garbage-first heap   total 82944K, used 63158K [0x0000000080000000, 0x0000000100000000)
  region size 1024K, 35 young (35840K), 5 survivors (5120K)
 Metaspace       used 50842K, committed 51264K, reserved 1114112K
  class space    used 7013K, committed 7232K, reserved 1048576K
}
Event: 5.855 GC heap after
{Heap after GC invocations=13 (full 0):
 garbage-first heap   total 82944K, used 35156K [0x0000000080000000, 0x0000000100000000)
  region size 1024K, 2 young (2048K), 2 survivors (2048K)
 Metaspace       used 50842K, committed 51264K, reserved 1114112K
  class space    used 7013K, committed 7232K, reserved 1048576K
}
Event: 6.362 GC heap before
{Heap before GC invocations=13 (full 0):
 garbage-first heap   total 82944K, used 66900K [0x0000000080000000, 0x0000000100000000)
  region size 1024K, 31 young (31744K), 2 survivors (2048K)
 Metaspace       used 54653K, committed 55168K, reserved 1114112K
  class space    used 7502K, committed 7744K, reserved 1048576K
}
Event: 6.366 GC heap after
{Heap after GC invocations=14 (full 0):
 garbage-first heap   total 82944K, used 36832K [0x0000000080000000, 0x0000000100000000)
  region size 1024K, 4 young (4096K), 4 survivors (4096K)
 Metaspace       used 54653K, committed 55168K, reserved 1114112K
  class space    used 7502K, committed 7744K, reserved 1048576K
}
Event: 7.011 GC heap before
{Heap before GC invocations=14 (full 0):
 garbage-first heap   total 82944K, used 64480K [0x0000000080000000, 0x0000000100000000)
  region size 1024K, 32 young (32768K), 4 survivors (4096K)
 Metaspace       used 59820K, committed 60288K, reserved 1114112K
  class space    used 8164K, committed 8384K, reserved 1048576K
}
Event: 7.018 GC heap after
{Heap after GC invocations=15 (full 0):
 garbage-first heap   total 82944K, used 39474K [0x0000000080000000, 0x0000000100000000)
  region size 1024K, 4 young (4096K), 4 survivors (4096K)
 Metaspace       used 59820K, committed 60288K, reserved 1114112K
  class space    used 8164K, committed 8384K, reserved 1048576K
}
Event: 7.582 GC heap before
{Heap before GC invocations=16 (full 0):
 garbage-first heap   total 82944K, used 65074K [0x0000000080000000, 0x0000000100000000)
  region size 1024K, 30 young (30720K), 4 survivors (4096K)
 Metaspace       used 60745K, committed 61248K, reserved 1114112K
  class space    used 8290K, committed 8512K, reserved 1048576K
}
Event: 7.589 GC heap after
{Heap after GC invocations=17 (full 0):
 garbage-first heap   total 82944K, used 44750K [0x0000000080000000, 0x0000000100000000)
  region size 1024K, 4 young (4096K), 4 survivors (4096K)
 Metaspace       used 60745K, committed 61248K, reserved 1114112K
  class space    used 8290K, committed 8512K, reserved 1048576K
}
Event: 7.598 GC heap before
{Heap before GC invocations=17 (full 0):
 garbage-first heap   total 82944K, used 44750K [0x0000000080000000, 0x0000000100000000)
  region size 1024K, 5 young (5120K), 4 survivors (4096K)
 Metaspace       used 60752K, committed 61248K, reserved 1114112K
  class space    used 8290K, committed 8512K, reserved 1048576K
}
Event: 7.602 GC heap after
{Heap after GC invocations=18 (full 0):
 garbage-first heap   total 100352K, used 45381K [0x0000000080000000, 0x0000000100000000)
  region size 1024K, 1 young (1024K), 1 survivors (1024K)
 Metaspace       used 60752K, committed 61248K, reserved 1114112K
  class space    used 8290K, committed 8512K, reserved 1048576K
}
Event: 7.857 GC heap before
{Heap before GC invocations=18 (full 0):
 garbage-first heap   total 100352K, used 76101K [0x0000000080000000, 0x0000000100000000)
  region size 1024K, 32 young (32768K), 1 survivors (1024K)
 Metaspace       used 61213K, committed 61696K, reserved 1114112K
  class space    used 8322K, committed 8512K, reserved 1048576K
}
Event: 7.860 GC heap after
{Heap after GC invocations=19 (full 0):
 garbage-first heap   total 100352K, used 47666K [0x0000000080000000, 0x0000000100000000)
  region size 1024K, 4 young (4096K), 4 survivors (4096K)
 Metaspace       used 61213K, committed 61696K, reserved 1114112K
  class space    used 8322K, committed 8512K, reserved 1048576K
}
Event: 7.914 GC heap before
{Heap before GC invocations=19 (full 0):
 garbage-first heap   total 100352K, used 50738K [0x0000000080000000, 0x0000000100000000)
  region size 1024K, 9 young (9216K), 4 survivors (4096K)
 Metaspace       used 61294K, committed 61888K, reserved 1114112K
  class space    used 8329K, committed 8576K, reserved 1048576K
}
Event: 7.917 GC heap after
{Heap after GC invocations=20 (full 0):
 garbage-first heap   total 100352K, used 48071K [0x0000000080000000, 0x0000000100000000)
  region size 1024K, 1 young (1024K), 1 survivors (1024K)
 Metaspace       used 61294K, committed 61888K, reserved 1114112K
  class space    used 8329K, committed 8576K, reserved 1048576K
}

