# JRE version: OpenJDK Runtime Environment (17.0.11) (build 17.0.11+0--11852314)
# Java VM: OpenJDK 64-Bit Server VM (17.0.11+0--11852314, mixed mode, tiered, compressed oops, compressed class ptrs, g1 gc, windows-amd64)
GC Precious Log:
 CPUs: 12 total, 12 available
 Memory: 7528M
 Large Page Support: Disabled
 NUMA Support: Disabled
 Compressed Oops: Enabled (32-bit)
 Heap Region Size: 1M
 Heap Min Capacity: 8M
 Heap Initial Capacity: 118M
 Heap Max Capacity: 2G
 Pre-touch: Disabled
 Parallel Workers: 10
 Concurrent Workers: 3
 Concurrent Refinement Workers: 10
 Periodic GC: Disabled
Heap:
 garbage-first heap   total 372736K, used 154734K [0x0000000080000000, 0x0000000100000000)
  region size 1024K, 2 young (2048K), 2 survivors (2048K)
 Metaspace       used 139185K, committed 140864K, reserved 1179648K
  class space    used 19245K, committed 19968K, reserved 1048576K
GC Heap History (20 events):
Event: 786.971 GC heap after
{Heap after GC invocations=59 (full 0):
 garbage-first heap   total 363520K, used 172978K [0x0000000080000000, 0x0000000100000000)
  region size 1024K, 12 young (12288K), 12 survivors (12288K)
 Metaspace       used 137813K, committed 138880K, reserved 1179648K
  class space    used 19271K, committed 19776K, reserved 1048576K
}
Event: 787.852 GC heap before
{Heap before GC invocations=59 (full 0):
 garbage-first heap   total 363520K, used 227250K [0x0000000080000000, 0x0000000100000000)
  region size 1024K, 67 young (68608K), 12 survivors (12288K)
 Metaspace       used 137915K, committed 139008K, reserved 1179648K
  class space    used 19271K, committed 19776K, reserved 1048576K
}
Event: 787.959 GC heap after
{Heap after GC invocations=60 (full 0):
 garbage-first heap   total 363520K, used 174299K [0x0000000080000000, 0x0000000100000000)
  region size 1024K, 4 young (4096K), 4 survivors (4096K)
 Metaspace       used 137915K, committed 139008K, reserved 1179648K
  class space    used 19271K, committed 19776K, reserved 1048576K
}
Event: 827.478 GC heap before
{Heap before GC invocations=61 (full 0):
 garbage-first heap   total 363520K, used 347355K [0x0000000080000000, 0x0000000100000000)
  region size 1024K, 120 young (122880K), 4 survivors (4096K)
 Metaspace       used 138408K, committed 139456K, reserved 1179648K
  class space    used 19287K, committed 19840K, reserved 1048576K
}
Event: 827.525 GC heap after
{Heap after GC invocations=62 (full 0):
 garbage-first heap   total 363520K, used 182229K [0x0000000080000000, 0x0000000100000000)
  region size 1024K, 12 young (12288K), 12 survivors (12288K)
 Metaspace       used 138408K, committed 139456K, reserved 1179648K
  class space    used 19287K, committed 19840K, reserved 1048576K
}
Event: 827.616 GC heap before
{Heap before GC invocations=62 (full 0):
 garbage-first heap   total 363520K, used 187349K [0x0000000080000000, 0x0000000100000000)
  region size 1024K, 17 young (17408K), 12 survivors (12288K)
 Metaspace       used 138429K, committed 139520K, reserved 1179648K
  class space    used 19288K, committed 19840K, reserved 1048576K
}
Event: 827.757 GC heap after
{Heap after GC invocations=63 (full 0):
 garbage-first heap   total 363520K, used 163794K [0x0000000080000000, 0x0000000100000000)
  region size 1024K, 2 young (2048K), 2 survivors (2048K)
 Metaspace       used 138429K, committed 139520K, reserved 1179648K
  class space    used 19288K, committed 19840K, reserved 1048576K
}
Event: 937.310 GC heap before
{Heap before GC invocations=63 (full 0):
 garbage-first heap   total 363520K, used 297938K [0x0000000080000000, 0x0000000100000000)
  region size 1024K, 133 young (136192K), 2 survivors (2048K)
 Metaspace       used 138934K, committed 140096K, reserved 1179648K
  class space    used 19329K, committed 19904K, reserved 1048576K
}
Event: 937.334 GC heap after
{Heap after GC invocations=64 (full 0):
 garbage-first heap   total 363520K, used 176526K [0x0000000080000000, 0x0000000100000000)
  region size 1024K, 14 young (14336K), 14 survivors (14336K)
 Metaspace       used 138934K, committed 140096K, reserved 1179648K
  class space    used 19329K, committed 19904K, reserved 1048576K
}
Event: 3335.590 GC heap before
{Heap before GC invocations=65 (full 0):
 garbage-first heap   total 363520K, used 296334K [0x0000000080000000, 0x0000000100000000)
  region size 1024K, 131 young (134144K), 14 survivors (14336K)
 Metaspace       used 139282K, committed 140480K, reserved 1179648K
  class space    used 19361K, committed 19968K, reserved 1048576K
}
Event: 3335.794 GC heap after
{Heap after GC invocations=66 (full 0):
 garbage-first heap   total 363520K, used 180555K [0x0000000080000000, 0x0000000100000000)
  region size 1024K, 6 young (6144K), 6 survivors (6144K)
 Metaspace       used 139282K, committed 140480K, reserved 1179648K
  class space    used 19361K, committed 19968K, reserved 1048576K
}
Event: 3336.423 GC heap before
{Heap before GC invocations=66 (full 0):
 garbage-first heap   total 363520K, used 190795K [0x0000000080000000, 0x0000000100000000)
  region size 1024K, 17 young (17408K), 6 survivors (6144K)
 Metaspace       used 139310K, committed 140544K, reserved 1179648K
  class space    used 19361K, committed 19968K, reserved 1048576K
}
Event: 3336.628 GC heap after
{Heap after GC invocations=67 (full 0):
 garbage-first heap   total 363520K, used 166548K [0x0000000080000000, 0x0000000100000000)
  region size 1024K, 2 young (2048K), 2 survivors (2048K)
 Metaspace       used 139310K, committed 140544K, reserved 1179648K
  class space    used 19361K, committed 19968K, reserved 1048576K
}
Event: 3354.561 GC heap before
{Heap before GC invocations=67 (full 0):
 garbage-first heap   total 363520K, used 297619K [0x0000000080000000, 0x0000000100000000)
  region size 1024K, 131 young (134144K), 2 survivors (2048K)
 Metaspace       used 139560K, committed 140800K, reserved 1179648K
  class space    used 19365K, committed 19968K, reserved 1048576K
}
Event: 3354.628 GC heap after
{Heap after GC invocations=68 (full 0):
 garbage-first heap   total 363520K, used 176986K [0x0000000080000000, 0x0000000100000000)
  region size 1024K, 13 young (13312K), 13 survivors (13312K)
 Metaspace       used 139560K, committed 140800K, reserved 1179648K
  class space    used 19365K, committed 19968K, reserved 1048576K
}
Event: 3356.285 GC heap before
{Heap before GC invocations=69 (full 0):
 garbage-first heap   total 372736K, used 289626K [0x0000000080000000, 0x0000000100000000)
  region size 1024K, 131 young (134144K), 13 survivors (13312K)
 Metaspace       used 139154K, committed 140864K, reserved 1179648K
  class space    used 19245K, committed 19968K, reserved 1048576K
}
Event: 3356.346 GC heap after
{Heap after GC invocations=70 (full 0):
 garbage-first heap   total 372736K, used 179288K [0x0000000080000000, 0x0000000100000000)
  region size 1024K, 11 young (11264K), 11 survivors (11264K)
 Metaspace       used 139154K, committed 140864K, reserved 1179648K
  class space    used 19245K, committed 19968K, reserved 1048576K
}
Event: 3356.374 GC heap before
{Heap before GC invocations=70 (full 0):
 garbage-first heap   total 372736K, used 186456K [0x0000000080000000, 0x0000000100000000)
  region size 1024K, 18 young (18432K), 11 survivors (11264K)
 Metaspace       used 139165K, committed 140864K, reserved 1179648K
  class space    used 19245K, committed 19968K, reserved 1048576K
}
Event: 3356.468 GC heap after
{Heap after GC invocations=71 (full 0):
 garbage-first heap   total 372736K, used 159190K [0x0000000080000000, 0x0000000100000000)
  region size 1024K, 2 young (2048K), 2 survivors (2048K)
 Metaspace       used 139165K, committed 140864K, reserved 1179648K
  class space    used 19245K, committed 19968K, reserved 1048576K
}
Event: 3356.542 GC heap before
{Heap before GC invocations=71 (full 0):
 garbage-first heap   total 372736K, used 175574K [0x0000000080000000, 0x0000000100000000)
  region size 1024K, 18 young (18432K), 2 survivors (2048K)
 Metaspace       used 139185K, committed 140864K, reserved 1179648K
  class space    used 19245K, committed 19968K, reserved 1048576K
}

